Using pre-set license
Built from '2020.2/release' branch; Version is '2020.2.0f1 (3721df5a8b28) revision 3613151'; Using compiler version '192528614'; Build Type 'Release'
OS: 'Windows 10  (10.0.0) 64bit' Language: 'pt' Physical Memory: 3973 MB
BatchMode: 1, IsHumanControllingUs: 0, StartBugReporterOnCrash: 0, Is64bit: 1, IsPro: 0

 COMMAND LINE ARGUMENTS:
C:\Program Files\Unity\Hub\Editor\2020.2.0f1\Editor\Unity.exe
-adb2
-batchMode
-noUpm
-name
AssetImportWorker11
-projectPath
C:/Users/pedro/Documents/Projects/Unity/wavegamecovid
-logFile
Logs/AssetImportWorker11.log
-srvPort
50741
Successfully changed project path to: C:/Users/pedro/Documents/Projects/Unity/wavegamecovid
C:/Users/pedro/Documents/Projects/Unity/wavegamecovid
Using Asset Import Pipeline V2.
Refreshing native plugins compatible for Editor in 171.99 ms, found 0 plugins.
Preloading 0 native plugins for Editor in 0.00 ms.
Initialize engine version: 2020.2.0f1 (3721df5a8b28)
[Subsystems] Discovering subsystems at path C:/Program Files/Unity/Hub/Editor/2020.2.0f1/Editor/Data/Resources/UnitySubsystems
[Subsystems] Discovering subsystems at path C:/Users/pedro/Documents/Projects/Unity/wavegamecovid/Assets
GfxDevice: creating device client; threaded=0
Direct3D:
    Version:  Direct3D 11.0 [level 11.1]
    Renderer: AMD Radeon R5 Graphics (ID=0x9874)
    Vendor:   
    VRAM:     1986 MB
    Driver:   27.20.1034.6
Initialize mono
Mono path[0] = 'C:/Program Files/Unity/Hub/Editor/2020.2.0f1/Editor/Data/Managed'
Mono path[1] = 'C:/Program Files/Unity/Hub/Editor/2020.2.0f1/Editor/Data/MonoBleedingEdge/lib/mono/unityjit'
Mono config path = 'C:/Program Files/Unity/Hub/Editor/2020.2.0f1/Editor/Data/MonoBleedingEdge/etc'
Using monoOptions --debugger-agent=transport=dt_socket,embedding=1,server=y,suspend=n,address=127.0.0.1:56200
Begin MonoManager ReloadAssembly
Registering precompiled unity dll's ...
Register platform support module: C:/Program Files/Unity/Hub/Editor/2020.2.0f1/Editor/Data/PlaybackEngines/WebGLSupport/UnityEditor.WebGL.Extensions.dll
Register platform support module: C:/Program Files/Unity/Hub/Editor/2020.2.0f1/Editor/Data/PlaybackEngines/WindowsStandaloneSupport/UnityEditor.WindowsStandalone.Extensions.dll
Registered in 0.007054 seconds.
Native extension for WindowsStandalone target not found
Native extension for WebGL target not found
Refreshing native plugins compatible for Editor in 67.54 ms, found 0 plugins.
Preloading 0 native plugins for Editor in 0.00 ms.
Invoked RoslynAnalysisRunner static constructor.
RoslynAnalysisRunner will not be running.
RoslynAnalysisRunner has terminated.
Mono: successfully reloaded assembly
- Completed reload, in 10.528 seconds
Platform modules already initialized, skipping
Registering precompiled user dll's ...
Registered in 0.002009 seconds.
Begin MonoManager ReloadAssembly
Native extension for WindowsStandalone target not found
Native extension for WebGL target not found
Refreshing native plugins compatible for Editor in 0.66 ms, found 0 plugins.
Preloading 0 native plugins for Editor in 0.00 ms.
Invoked RoslynAnalysisRunner static constructor.
RoslynAnalysisRunner will not be running.
RoslynAnalysisRunner has terminated.
Mono: successfully reloaded assembly
- Completed reload, in  3.077 seconds
Platform modules already initialized, skipping
========================================================================
Worker process is ready to serve import requests
Launched and connected shader compiler UnityShaderCompiler.exe after 0.46 seconds
Refreshing native plugins compatible for Editor in 0.53 ms, found 0 plugins.
Preloading 0 native plugins for Editor in 0.00 ms.
Unloading 1467 Unused Serialized files (Serialized files now loaded: 0)
System memory in use before: 72.1 MB.
System memory in use after: 72.1 MB.

Unloading 67 unused Assets to reduce memory usage. Loaded Objects now: 1904.
Total: 8.637600 ms (FindLiveObjects: 0.507800 ms CreateObjectMapping: 0.205900 ms MarkObjects: 7.568600 ms  DeleteObjects: 0.351200 ms)

========================================================================
Received Import Request.
  path: Assets/Prefabs/virus.prefab
  artifactKey: Guid(fc72b58df2bbbb54aaa0e76fc45d6e1c) Importer(815301076,1909f56bfc062723c751e8b465ee728b)
Start importing Assets/Prefabs/virus.prefab using Guid(fc72b58df2bbbb54aaa0e76fc45d6e1c) Importer(815301076,1909f56bfc062723c751e8b465ee728b)  -> (artifact id: '32945a252ec5335f5a37afb613f6c492') in 1.391519 seconds
  Import took 1.397343 seconds .

========================================================================
Received Prepare
Refreshing native plugins compatible for Editor in 2.87 ms, found 0 plugins.
Preloading 0 native plugins for Editor in 0.00 ms.
Unloading 3 Unused Serialized files (Serialized files now loaded: 0)
System memory in use before: 44.9 MB.
System memory in use after: 45.0 MB.

Unloading 3 unused Assets to reduce memory usage. Loaded Objects now: 1912.
Total: 12.387600 ms (FindLiveObjects: 0.573500 ms CreateObjectMapping: 0.319400 ms MarkObjects: 11.370000 ms  DeleteObjects: 0.120200 ms)

========================================================================
Received Import Request.
  Time since last request: 50.942562 seconds.
  path: Assets/Scripts/Player/ScoreController.cs
  artifactKey: Guid(77258faad1cb6ce4e9167b6423508e42) Importer(815301076,1909f56bfc062723c751e8b465ee728b)
Start importing Assets/Scripts/Player/ScoreController.cs using Guid(77258faad1cb6ce4e9167b6423508e42) Importer(815301076,1909f56bfc062723c751e8b465ee728b)  -> (artifact id: 'fa7f68d7943a0965cfec9567ed163f70') in 0.338576 seconds
  Import took 0.348584 seconds .

========================================================================
Received Prepare
Registering precompiled user dll's ...
Registered in 0.002148 seconds.
Begin MonoManager ReloadAssembly
Native extension for WindowsStandalone target not found
Native extension for WebGL target not found
Refreshing native plugins compatible for Editor in 0.79 ms, found 0 plugins.
Preloading 0 native plugins for Editor in 0.00 ms.
Warning: Annotation not found!
UnityEngine.StackTraceUtility:ExtractStackTrace ()
UnityEditor.ProBuilder.EditorUtility:SetGizmoIconEnabled (System.Type,bool) (at Library/PackageCache/com.unity.probuilder@4.4.0/Editor/EditorCore/EditorUtility.cs:593)
UnityEditor.ProBuilder.HierarchyListener:.cctor () (at Library/PackageCache/com.unity.probuilder@4.4.0/Editor/EditorCore/HierarchyListener.cs:21)
System.Runtime.CompilerServices.RuntimeHelpers:RunClassConstructor (System.RuntimeTypeHandle)
UnityEditor.EditorAssemblies:ProcessInitializeOnLoadAttributes (System.Type[])

[Library/PackageCache/com.unity.probuilder@4.4.0/Editor/EditorCore/EditorUtility.cs line 593]

Invoked RoslynAnalysisRunner static constructor.
RoslynAnalysisRunner will not be running.
RoslynAnalysisRunner has terminated.
Mono: successfully reloaded assembly
- Completed reload, in  2.590 seconds
Platform modules already initialized, skipping
Refreshing native plugins compatible for Editor in 0.59 ms, found 0 plugins.
Preloading 0 native plugins for Editor in 0.00 ms.
Unloading 1434 Unused Serialized files (Serialized files now loaded: 0)
System memory in use before: 73.4 MB.
System memory in use after: 73.5 MB.

Unloading 5 unused Assets to reduce memory usage. Loaded Objects now: 1915.
Total: 5.047100 ms (FindLiveObjects: 0.552400 ms CreateObjectMapping: 0.141200 ms MarkObjects: 4.233400 ms  DeleteObjects: 0.116400 ms)

========================================================================
Received Prepare
Registering precompiled user dll's ...
Registered in 0.002110 seconds.
Begin MonoManager ReloadAssembly
Native extension for WindowsStandalone target not found
Native extension for WebGL target not found
Refreshing native plugins compatible for Editor in 0.64 ms, found 0 plugins.
Preloading 0 native plugins for Editor in 0.00 ms.
Warning: Annotation not found!
UnityEngine.StackTraceUtility:ExtractStackTrace ()
UnityEditor.ProBuilder.EditorUtility:SetGizmoIconEnabled (System.Type,bool) (at Library/PackageCache/com.unity.probuilder@4.4.0/Editor/EditorCore/EditorUtility.cs:593)
UnityEditor.ProBuilder.HierarchyListener:.cctor () (at Library/PackageCache/com.unity.probuilder@4.4.0/Editor/EditorCore/HierarchyListener.cs:21)
System.Runtime.CompilerServices.RuntimeHelpers:RunClassConstructor (System.RuntimeTypeHandle)
UnityEditor.EditorAssemblies:ProcessInitializeOnLoadAttributes (System.Type[])

[Library/PackageCache/com.unity.probuilder@4.4.0/Editor/EditorCore/EditorUtility.cs line 593]

Invoked RoslynAnalysisRunner static constructor.
RoslynAnalysisRunner will not be running.
RoslynAnalysisRunner has terminated.
Mono: successfully reloaded assembly
- Completed reload, in  2.503 seconds
Platform modules already initialized, skipping
Refreshing native plugins compatible for Editor in 0.92 ms, found 0 plugins.
Preloading 0 native plugins for Editor in 0.00 ms.
Unloading 1434 Unused Serialized files (Serialized files now loaded: 0)
System memory in use before: 74.3 MB.
System memory in use after: 74.3 MB.

Unloading 5 unused Assets to reduce memory usage. Loaded Objects now: 1917.
Total: 5.164100 ms (FindLiveObjects: 0.443100 ms CreateObjectMapping: 0.159200 ms MarkObjects: 4.422400 ms  DeleteObjects: 0.134800 ms)

========================================================================
Received Import Request.
  Time since last request: 510.334271 seconds.
  path: Assets/Scripts/Player/ScoreController.cs
  artifactKey: Guid(77258faad1cb6ce4e9167b6423508e42) Importer(815301076,1909f56bfc062723c751e8b465ee728b)
Start importing Assets/Scripts/Player/ScoreController.cs using Guid(77258faad1cb6ce4e9167b6423508e42) Importer(815301076,1909f56bfc062723c751e8b465ee728b)  -> (artifact id: 'de7d8ed475ceb404c694b350e539d1ab') in 0.042008 seconds
  Import took 0.048866 seconds .

========================================================================
Received Import Request.
  Time since last request: 17.054837 seconds.
  path: Assets/Scenes/WonScreen.unity
  artifactKey: Guid(a265a4a59488d1f45bcd3aad59abea3a) Importer(815301076,1909f56bfc062723c751e8b465ee728b)
Start importing Assets/Scenes/WonScreen.unity using Guid(a265a4a59488d1f45bcd3aad59abea3a) Importer(815301076,1909f56bfc062723c751e8b465ee728b)  -> (artifact id: '3ea18541c566acd63f12b81fb1730b2c') in 0.078918 seconds
  Import took 0.088829 seconds .

========================================================================
Received Import Request.
  Time since last request: 311.349197 seconds.
  path: Assets/Animation
  artifactKey: Guid(754da0a3cf7d0d7489a8856fc1a78433) Importer(815301076,1909f56bfc062723c751e8b465ee728b)
Start importing Assets/Animation using Guid(754da0a3cf7d0d7489a8856fc1a78433) Importer(815301076,1909f56bfc062723c751e8b465ee728b)  -> (artifact id: 'ea55c696ec275aa856ad6bf0497fdca7') in 0.032508 seconds
  Import took 0.039500 seconds .

========================================================================
Received Import Request.
  Time since last request: 210.246312 seconds.
  path: Assets/Animation/Won.controller
  artifactKey: Guid(e3ebd5159a5cb2b4b9daead71a8aae33) Importer(815301076,1909f56bfc062723c751e8b465ee728b)
Start importing Assets/Animation/Won.controller using Guid(e3ebd5159a5cb2b4b9daead71a8aae33) Importer(815301076,1909f56bfc062723c751e8b465ee728b)  -> (artifact id: '247bff2bb51fa37cd25ce9e1eb90585a') in 0.136704 seconds
  Import took 0.142299 seconds .

========================================================================
Received Import Request.
  Time since last request: 1.808350 seconds.
  path: Assets/Animation/wonAnimation.anim
  artifactKey: Guid(f9cb65cb7b401804f890dd3d0889ceff) Importer(815301076,1909f56bfc062723c751e8b465ee728b)
Start importing Assets/Animation/wonAnimation.anim using Guid(f9cb65cb7b401804f890dd3d0889ceff) Importer(815301076,1909f56bfc062723c751e8b465ee728b)  -> (artifact id: '5f9e07eb1149b48470febac2e523aa8d') in 0.082526 seconds
  Import took 0.088394 seconds .

========================================================================
Received Import Request.
  Time since last request: 0.210197 seconds.
  path: Assets/Animation/wonAnimation.anim
  artifactKey: Guid(f9cb65cb7b401804f890dd3d0889ceff) Importer(815301076,1909f56bfc062723c751e8b465ee728b)
Start importing Assets/Animation/wonAnimation.anim using Guid(f9cb65cb7b401804f890dd3d0889ceff) Importer(815301076,1909f56bfc062723c751e8b465ee728b)  -> (artifact id: '5f9e07eb1149b48470febac2e523aa8d') in 0.032198 seconds
  Import took 0.037814 seconds .

========================================================================
Received Import Request.
  Time since last request: 308.941796 seconds.
  path: Assets/Animation/New Text.controller
  artifactKey: Guid(ba92575a4c9140f468085cb59f75ea0c) Importer(815301076,1909f56bfc062723c751e8b465ee728b)
Start importing Assets/Animation/New Text.controller using Guid(ba92575a4c9140f468085cb59f75ea0c) Importer(815301076,1909f56bfc062723c751e8b465ee728b)  -> (artifact id: 'be06f370c054d41794987a2f8e7c2480') in 0.082735 seconds
  Import took 0.090301 seconds .

========================================================================
Received Import Request.
  Time since last request: 0.758868 seconds.
  path: Assets/Animation/gameOverAnimation.anim
  artifactKey: Guid(91d2f61a260138e42aa626d581d28398) Importer(815301076,1909f56bfc062723c751e8b465ee728b)
Start importing Assets/Animation/gameOverAnimation.anim using Guid(91d2f61a260138e42aa626d581d28398) Importer(815301076,1909f56bfc062723c751e8b465ee728b)  -> (artifact id: '95ca6c7020286f8d6c4e2b130608bb82') in 0.032197 seconds
  Import took 0.037945 seconds .

========================================================================
Received Import Request.
  Time since last request: 0.037499 seconds.
  path: Assets/Animation/gameOverAnimation.anim
  artifactKey: Guid(91d2f61a260138e42aa626d581d28398) Importer(815301076,1909f56bfc062723c751e8b465ee728b)
Start importing Assets/Animation/gameOverAnimation.anim using Guid(91d2f61a260138e42aa626d581d28398) Importer(815301076,1909f56bfc062723c751e8b465ee728b)  -> (artifact id: '95ca6c7020286f8d6c4e2b130608bb82') in 0.021517 seconds
  Import took 0.030391 seconds .

========================================================================
Received Prepare
Registering precompiled user dll's ...
Registered in 0.003051 seconds.
Begin MonoManager ReloadAssembly
Native extension for WindowsStandalone target not found
Native extension for WebGL target not found
Refreshing native plugins compatible for Editor in 0.62 ms, found 0 plugins.
Preloading 0 native plugins for Editor in 0.00 ms.
Warning: Annotation not found!
UnityEngine.StackTraceUtility:ExtractStackTrace ()
UnityEditor.ProBuilder.EditorUtility:SetGizmoIconEnabled (System.Type,bool) (at Library/PackageCache/com.unity.probuilder@4.4.0/Editor/EditorCore/EditorUtility.cs:593)
UnityEditor.ProBuilder.HierarchyListener:.cctor () (at Library/PackageCache/com.unity.probuilder@4.4.0/Editor/EditorCore/HierarchyListener.cs:21)
System.Runtime.CompilerServices.RuntimeHelpers:RunClassConstructor (System.RuntimeTypeHandle)
UnityEditor.EditorAssemblies:ProcessInitializeOnLoadAttributes (System.Type[])

[Library/PackageCache/com.unity.probuilder@4.4.0/Editor/EditorCore/EditorUtility.cs line 593]

Invoked RoslynAnalysisRunner static constructor.
RoslynAnalysisRunner will not be running.
RoslynAnalysisRunner has terminated.
Mono: successfully reloaded assembly
- Completed reload, in  3.630 seconds
Platform modules already initialized, skipping
Refreshing native plugins compatible for Editor in 0.90 ms, found 0 plugins.
Preloading 0 native plugins for Editor in 0.00 ms.
Unloading 1434 Unused Serialized files (Serialized files now loaded: 0)
System memory in use before: 74.5 MB.
System memory in use after: 74.6 MB.

Unloading 5 unused Assets to reduce memory usage. Loaded Objects now: 1919.
Total: 13.235500 ms (FindLiveObjects: 0.738400 ms CreateObjectMapping: 1.842700 ms MarkObjects: 9.322300 ms  DeleteObjects: 1.325500 ms)

========================================================================
Received Import Request.
  Time since last request: 203.442458 seconds.
  path: Assets/Scenes/WonScreen.unity
  artifactKey: Guid(a265a4a59488d1f45bcd3aad59abea3a) Importer(815301076,1909f56bfc062723c751e8b465ee728b)
Start importing Assets/Scenes/WonScreen.unity using Guid(a265a4a59488d1f45bcd3aad59abea3a) Importer(815301076,1909f56bfc062723c751e8b465ee728b)  -> (artifact id: '97c0a4cffa5c8418e5d2c9ae6c548552') in 0.086380 seconds
  Import took 0.096595 seconds .

========================================================================
Received Import Request.
  Time since last request: 2.498404 seconds.
  path: Assets/Scenes/SampleScene.unity
  artifactKey: Guid(9fc0d4010bbf28b4594072e72b8655ab) Importer(815301076,1909f56bfc062723c751e8b465ee728b)
Start importing Assets/Scenes/SampleScene.unity using Guid(9fc0d4010bbf28b4594072e72b8655ab) Importer(815301076,1909f56bfc062723c751e8b465ee728b)  -> (artifact id: 'beae0767ddcd5ad97b6dd7f476fb1df8') in 0.042801 seconds
  Import took 0.048170 seconds .

========================================================================
Received Prepare
Registering precompiled user dll's ...
Registered in 0.002443 seconds.
Begin MonoManager ReloadAssembly
Native extension for WindowsStandalone target not found
Native extension for WebGL target not found
Refreshing native plugins compatible for Editor in 1.11 ms, found 0 plugins.
Preloading 0 native plugins for Editor in 0.00 ms.
Warning: Annotation not found!
UnityEngine.StackTraceUtility:ExtractStackTrace ()
UnityEditor.ProBuilder.EditorUtility:SetGizmoIconEnabled (System.Type,bool) (at Library/PackageCache/com.unity.probuilder@4.4.0/Editor/EditorCore/EditorUtility.cs:593)
UnityEditor.ProBuilder.HierarchyListener:.cctor () (at Library/PackageCache/com.unity.probuilder@4.4.0/Editor/EditorCore/HierarchyListener.cs:21)
System.Runtime.CompilerServices.RuntimeHelpers:RunClassConstructor (System.RuntimeTypeHandle)
UnityEditor.EditorAssemblies:ProcessInitializeOnLoadAttributes (System.Type[])

[Library/PackageCache/com.unity.probuilder@4.4.0/Editor/EditorCore/EditorUtility.cs line 593]

Invoked RoslynAnalysisRunner static constructor.
RoslynAnalysisRunner will not be running.
RoslynAnalysisRunner has terminated.
Mono: successfully reloaded assembly
- Completed reload, in  2.997 seconds
Platform modules already initialized, skipping
Refreshing native plugins compatible for Editor in 0.60 ms, found 0 plugins.
Preloading 0 native plugins for Editor in 0.00 ms.
Unloading 1434 Unused Serialized files (Serialized files now loaded: 0)
System memory in use before: 74.2 MB.
System memory in use after: 74.3 MB.

Unloading 5 unused Assets to reduce memory usage. Loaded Objects now: 1921.
Total: 5.558100 ms (FindLiveObjects: 0.491300 ms CreateObjectMapping: 0.163500 ms MarkObjects: 4.752500 ms  DeleteObjects: 0.146900 ms)

========================================================================
Received Prepare
Registering precompiled user dll's ...
Registered in 0.005122 seconds.
Begin MonoManager ReloadAssembly
Native extension for WindowsStandalone target not found
Native extension for WebGL target not found
Refreshing native plugins compatible for Editor in 0.95 ms, found 0 plugins.
Preloading 0 native plugins for Editor in 0.00 ms.
Warning: Annotation not found!
UnityEngine.StackTraceUtility:ExtractStackTrace ()
UnityEditor.ProBuilder.EditorUtility:SetGizmoIconEnabled (System.Type,bool) (at Library/PackageCache/com.unity.probuilder@4.4.0/Editor/EditorCore/EditorUtility.cs:593)
UnityEditor.ProBuilder.HierarchyListener:.cctor () (at Library/PackageCache/com.unity.probuilder@4.4.0/Editor/EditorCore/HierarchyListener.cs:21)
System.Runtime.CompilerServices.RuntimeHelpers:RunClassConstructor (System.RuntimeTypeHandle)
UnityEditor.EditorAssemblies:ProcessInitializeOnLoadAttributes (System.Type[])

[Library/PackageCache/com.unity.probuilder@4.4.0/Editor/EditorCore/EditorUtility.cs line 593]

Invoked RoslynAnalysisRunner static constructor.
RoslynAnalysisRunner will not be running.
RoslynAnalysisRunner has terminated.
Mono: successfully reloaded assembly
- Completed reload, in  4.490 seconds
Platform modules already initialized, skipping
Refreshing native plugins compatible for Editor in 0.84 ms, found 0 plugins.
Preloading 0 native plugins for Editor in 0.00 ms.
Unloading 1434 Unused Serialized files (Serialized files now loaded: 0)
System memory in use before: 74.5 MB.
System memory in use after: 74.6 MB.

Unloading 5 unused Assets to reduce memory usage. Loaded Objects now: 1923.
Total: 7.273500 ms (FindLiveObjects: 0.435900 ms CreateObjectMapping: 0.157600 ms MarkObjects: 6.523200 ms  DeleteObjects: 0.148700 ms)

========================================================================
Received Prepare
Registering precompiled user dll's ...
Registered in 0.002529 seconds.
Begin MonoManager ReloadAssembly
Native extension for WindowsStandalone target not found
Native extension for WebGL target not found
Refreshing native plugins compatible for Editor in 0.64 ms, found 0 plugins.
Preloading 0 native plugins for Editor in 0.00 ms.
Warning: Annotation not found!
UnityEngine.StackTraceUtility:ExtractStackTrace ()
UnityEditor.ProBuilder.EditorUtility:SetGizmoIconEnabled (System.Type,bool) (at Library/PackageCache/com.unity.probuilder@4.4.0/Editor/EditorCore/EditorUtility.cs:593)
UnityEditor.ProBuilder.HierarchyListener:.cctor () (at Library/PackageCache/com.unity.probuilder@4.4.0/Editor/EditorCore/HierarchyListener.cs:21)
System.Runtime.CompilerServices.RuntimeHelpers:RunClassConstructor (System.RuntimeTypeHandle)
UnityEditor.EditorAssemblies:ProcessInitializeOnLoadAttributes (System.Type[])

[Library/PackageCache/com.unity.probuilder@4.4.0/Editor/EditorCore/EditorUtility.cs line 593]

Invoked RoslynAnalysisRunner static constructor.
RoslynAnalysisRunner will not be running.
RoslynAnalysisRunner has terminated.
Mono: successfully reloaded assembly
- Completed reload, in  2.479 seconds
Platform modules already initialized, skipping
Refreshing native plugins compatible for Editor in 0.60 ms, found 0 plugins.
Preloading 0 native plugins for Editor in 0.00 ms.
Unloading 1434 Unused Serialized files (Serialized files now loaded: 0)
System memory in use before: 74.1 MB.
System memory in use after: 74.2 MB.

Unloading 5 unused Assets to reduce memory usage. Loaded Objects now: 1925.
Total: 6.069900 ms (FindLiveObjects: 0.598800 ms CreateObjectMapping: 0.560100 ms MarkObjects: 4.731700 ms  DeleteObjects: 0.174500 ms)

AssetImportWorkerClient::OnTransportError - code=2 error=End of file
