Using pre-set license
Built from '2020.2/release' branch; Version is '2020.2.0f1 (3721df5a8b28) revision 3613151'; Using compiler version '192528614'; Build Type 'Release'
OS: 'Windows 10  (10.0.0) 64bit' Language: 'pt' Physical Memory: 3973 MB
BatchMode: 1, IsHumanControllingUs: 0, StartBugReporterOnCrash: 0, Is64bit: 1, IsPro: 0

 COMMAND LINE ARGUMENTS:
C:\Program Files\Unity\Hub\Editor\2020.2.0f1\Editor\Unity.exe
-adb2
-batchMode
-noUpm
-name
AssetImportWorker4
-projectPath
C:/Users/pedro/Documents/Projects/Unity/wavegamecovid
-logFile
Logs/AssetImportWorker4.log
-srvPort
60781
Successfully changed project path to: C:/Users/pedro/Documents/Projects/Unity/wavegamecovid
C:/Users/pedro/Documents/Projects/Unity/wavegamecovid
Using Asset Import Pipeline V2.
